<?xml version="1.0" encoding="UTF-8"?>
<!-- Generated by org.testng.reporters.JUnitXMLReporter -->
<testsuite hostname="woodpecker.local" name="Default test" tests="48" failures="0" timestamp="27 Mar 2014 09:23:27 GMT" time="193.723" errors="0">
  <testcase name="testBaseProductAddNew" time="0.022" classname="hub.test.AddEditProductTabTest"/>
  <testcase name="testBaseProductAddNew" time="0.012" classname="hub.test.AddEditProductTabTest"/>
  <testcase name="testBaseProductAddNew" time="0.012" classname="hub.test.AddEditProductTabTest"/>
  <testcase name="testBaseProductAddNew" time="0.024" classname="hub.test.AddEditProductTabTest"/>
  <testcase name="testBaseProductAddNew" time="0.012" classname="hub.test.AddEditProductTabTest"/>
  <testcase name="testBaseProductAddNew" time="0.01" classname="hub.test.AddEditProductTabTest"/>
  <testcase name="testBaseProductAddNew" time="0.024" classname="hub.test.AddEditProductTabTest"/>
  <testcase name="testBaseProductAddNew" time="0.02" classname="hub.test.AddEditProductTabTest"/>
  <testcase name="testBaseProductAddNew" time="0.022" classname="hub.test.AddEditProductTabTest"/>
  <testcase name="testBaseProductAddNew" time="0.01" classname="hub.test.AddEditProductTabTest"/>
  <testcase name="testBaseProductAddNew" time="0.041" classname="hub.test.AddEditProductTabTest"/>
  <testcase name="testBaseProductAddNew" time="0.016" classname="hub.test.AddEditProductTabTest"/>
  <testcase name="testBaseProductAddNew" time="0.009" classname="hub.test.AddEditProductTabTest"/>
  <testcase name="testBaseProductAddNew" time="0.009" classname="hub.test.AddEditProductTabTest"/>
  <testcase name="testBaseProductAddNew" time="0.009" classname="hub.test.AddEditProductTabTest"/>
  <testcase name="testBaseProductAddNew" time="0.009" classname="hub.test.AddEditProductTabTest"/>
  <testcase name="testBaseProductAddNew" time="0.013" classname="hub.test.AddEditProductTabTest"/>
  <testcase name="testBaseProductAddNew" time="0.009" classname="hub.test.AddEditProductTabTest"/>
  <testcase name="testBaseProductAddNew" time="0.009" classname="hub.test.AddEditProductTabTest"/>
  <testcase name="testBaseProductAddNew" time="0.009" classname="hub.test.AddEditProductTabTest"/>
  <testcase name="testBaseProductAddNew" time="0.009" classname="hub.test.AddEditProductTabTest"/>
  <testcase name="testBaseProductAddNew" time="0.01" classname="hub.test.AddEditProductTabTest"/>
  <testcase name="testBaseProductAddNew" time="0.01" classname="hub.test.AddEditProductTabTest"/>
  <testcase name="testBaseProductAddNew" time="0.01" classname="hub.test.AddEditProductTabTest"/>
  <testcase name="testBaseProductAddNew" time="0.012" classname="hub.test.AddEditProductTabTest"/>
  <testcase name="testBaseProductAddNew" time="0.012" classname="hub.test.AddEditProductTabTest"/>
  <testcase name="testBaseProductAddNew" time="0.026" classname="hub.test.AddEditProductTabTest"/>
  <testcase name="testBaseProductAddNew" time="0.027" classname="hub.test.AddEditProductTabTest"/>
  <testcase name="testBaseProductAddNew" time="0.026" classname="hub.test.AddEditProductTabTest"/>
  <testcase name="testBaseProductAddNew" time="0.031" classname="hub.test.AddEditProductTabTest"/>
  <testcase name="testBaseProductAddNew" time="0.026" classname="hub.test.AddEditProductTabTest"/>
  <testcase name="testBaseProductAddNew" time="0.014" classname="hub.test.AddEditProductTabTest"/>
  <testcase name="testBaseProductAddNew" time="0.009" classname="hub.test.AddEditProductTabTest"/>
  <testcase name="testBaseProductAddNew" time="10.396" classname="hub.test.AddEditProductTabTest"/>
  <testcase name="testBaseProductAddNew" time="9.222" classname="hub.test.AddEditProductTabTest"/>
  <testcase name="testBaseProductAddNew" time="9.833" classname="hub.test.AddEditProductTabTest"/>
  <testcase name="testBaseProductAddNew" time="9.649" classname="hub.test.AddEditProductTabTest"/>
  <testcase name="testBaseProductAddNew" time="9.384" classname="hub.test.AddEditProductTabTest"/>
  <testcase name="testBaseProductAddNew" time="9.271" classname="hub.test.AddEditProductTabTest"/>
  <testcase name="testBaseProductAddNew" time="8.88" classname="hub.test.AddEditProductTabTest"/>
  <testcase name="testBaseProductAddNew" time="9.419" classname="hub.test.AddEditProductTabTest"/>
  <testcase name="testBaseProductAddNew" time="11.17" classname="hub.test.AddEditProductTabTest"/>
  <testcase name="testBaseProductAddNew" time="9.454" classname="hub.test.AddEditProductTabTest"/>
  <testcase name="testBaseProductAddNew" time="9.433" classname="hub.test.AddEditProductTabTest"/>
  <testcase name="testBaseProductAddNew" time="8.819" classname="hub.test.AddEditProductTabTest"/>
  <testcase name="testBaseProductAddNew" time="9.03" classname="hub.test.AddEditProductTabTest"/>
  <testcase name="testBaseProductAddNew" time="9.273" classname="hub.test.AddEditProductTabTest"/>
  <testcase name="testBaseProductAddNew" time="8.7" classname="hub.test.AddEditProductTabTest"/>
</testsuite> <!-- Default test -->
